info it worked if it ends with ok
verbose cli [ 'node', '/usr/bin/npm', 'install', 'github-api' ]
info using npm@1.1.4
info using node@v0.6.12
verbose config file /home/keerthana/.npmrc
verbose config file /usr/etc/npmrc
verbose config file /usr/share/npm/npmrc
verbose caching /home/keerthana/Desktop/github/package.json
verbose loadDefaults github-api@0.7.0
verbose from cache /home/keerthana/Desktop/github/package.json
verbose readDependencies: using package.json deps
verbose cache add [ 'github-api', null ]
silly cache add: name, spec, args [ undefined, 'github-api', [ 'github-api', null ] ]
verbose parsed url { pathname: 'github-api',
verbose parsed url   path: 'github-api',
verbose parsed url   href: 'github-api' }
verbose addNamed [ 'github-api', '' ]
verbose addNamed [ null, '' ]
silly name, range, hasData [ 'github-api', '', false ]
verbose raw, before any munging github-api
verbose url resolving [ 'https://registry.npmjs.org/', './github-api' ]
verbose url resolved https://registry.npmjs.org/github-api
http GET https://registry.npmjs.org/github-api
ERR! Error: failed to fetch from registry: github-api
ERR!     at /usr/share/npm/lib/utils/npm-registry-client/get.js:139:12
ERR!     at cb (/usr/share/npm/lib/utils/npm-registry-client/request.js:31:9)
ERR!     at Request._callback (/usr/share/npm/lib/utils/npm-registry-client/request.js:136:18)
ERR!     at Request.callback (/usr/lib/nodejs/request/main.js:119:22)
ERR!     at Request.<anonymous> (/usr/lib/nodejs/request/main.js:212:58)
ERR!     at Request.emit (events.js:88:20)
ERR!     at ClientRequest.<anonymous> (/usr/lib/nodejs/request/main.js:412:12)
ERR!     at ClientRequest.emit (events.js:67:17)
ERR!     at HTTPParser.onIncoming (http.js:1261:11)
ERR!     at HTTPParser.onHeadersComplete (http.js:102:31)
ERR! You may report this log at:
ERR!     <http://bugs.debian.org/npm>
ERR! or use
ERR!     reportbug --attach /home/keerthana/Desktop/github/npm-debug.log npm
ERR! 
ERR! System Linux 3.8.0-29-generic
ERR! command "node" "/usr/bin/npm" "install" "github-api"
ERR! cwd /home/keerthana/Desktop/github
ERR! node -v v0.6.12
ERR! npm -v 1.1.4
ERR! message failed to fetch from registry: github-api
verbose exit [ 1, true ]
